apex is not installed
apex is not installed
apex is not installed
load checkpoint from local path: ckpt/det_checkpoint.pth
load checkpoint from local path: ckpt/pose_checkpoint.pth
200000
1/200000 - 0.001%
/opt/conda/lib/python3.8/site-packages/torch/nn/functional.py:718: UserWarning: Named tensors and all their associated APIs are an experimental feature and subject to change. Please do not use them for anything important until they are released as stable. (Triggered internally at  /pytorch/c10/core/TensorImpl.h:1156.)
  return torch.max_pool2d(input, kernel_size, stride, padding, dilation, ceil_mode)
101/200000 - 0.051%
201/200000 - 0.101%
301/200000 - 0.15%
401/200000 - 0.2%
501/200000 - 0.251%
601/200000 - 0.3%
701/200000 - 0.35%
801/200000 - 0.4%
901/200000 - 0.451%
1001/200000 - 0.5%
1101/200000 - 0.55%
1201/200000 - 0.601%
1301/200000 - 0.651%
1401/200000 - 0.701%
1501/200000 - 0.751%
1601/200000 - 0.8%
1701/200000 - 0.851%
1801/200000 - 0.901%
1901/200000 - 0.95%
2001/200000 - 1.0%
2101/200000 - 1.05%
2201/200000 - 1.1%
2301/200000 - 1.15%
2401/200000 - 1.2%
2501/200000 - 1.25%
2601/200000 - 1.3%
2701/200000 - 1.351%
2801/200000 - 1.401%
2901/200000 - 1.451%
3001/200000 - 1.5%
3101/200000 - 1.55%
3201/200000 - 1.6%
3301/200000 - 1.65%
3401/200000 - 1.7%
3501/200000 - 1.75%
3601/200000 - 1.8%
3701/200000 - 1.851%
3801/200000 - 1.901%
3901/200000 - 1.951%
4001/200000 - 2.0%
4101/200000 - 2.05%
4201/200000 - 2.1%
4301/200000 - 2.151%
4401/200000 - 2.2%
4501/200000 - 2.251%
4601/200000 - 2.3%
4701/200000 - 2.351%
4801/200000 - 2.401%
4901/200000 - 2.45%
5001/200000 - 2.5%
5101/200000 - 2.55%
5201/200000 - 2.601%
5301/200000 - 2.651%
5401/200000 - 2.7%
5501/200000 - 2.751%
5601/200000 - 2.8%
5701/200000 - 2.85%
5801/200000 - 2.901%
5901/200000 - 2.95%
6001/200000 - 3.001%
6101/200000 - 3.05%
6201/200000 - 3.101%
6301/200000 - 3.15%
6401/200000 - 3.2%
6501/200000 - 3.25%
6601/200000 - 3.3%
6701/200000 - 3.35%
6801/200000 - 3.401%
6901/200000 - 3.45%
7001/200000 - 3.501%
7101/200000 - 3.55%
7201/200000 - 3.601%
7301/200000 - 3.651%
7401/200000 - 3.701%
7501/200000 - 3.75%
7601/200000 - 3.8%
7701/200000 - 3.85%
7801/200000 - 3.9%
7901/200000 - 3.95%
8001/200000 - 4.0%
8101/200000 - 4.05%
8201/200000 - 4.101%
8301/200000 - 4.151%
8401/200000 - 4.2%
8501/200000 - 4.25%
8601/200000 - 4.301%
8701/200000 - 4.351%
8801/200000 - 4.401%
8901/200000 - 4.45%
9001/200000 - 4.501%
9101/200000 - 4.55%
9201/200000 - 4.6%
9301/200000 - 4.651%
9401/200000 - 4.7%
9501/200000 - 4.75%
9601/200000 - 4.8%
9701/200000 - 4.851%
9801/200000 - 4.901%
9901/200000 - 4.95%
10001/200000 - 5.0%
10101/200000 - 5.051%
10201/200000 - 5.101%
10301/200000 - 5.151%
10401/200000 - 5.2%
10501/200000 - 5.251%
10601/200000 - 5.3%
10701/200000 - 5.35%
10801/200000 - 5.401%
10901/200000 - 5.45%
11001/200000 - 5.5%
11101/200000 - 5.55%
11201/200000 - 5.601%
11301/200000 - 5.651%
11401/200000 - 5.7%
11501/200000 - 5.75%
11601/200000 - 5.801%
11701/200000 - 5.851%
11801/200000 - 5.901%
11901/200000 - 5.95%
12001/200000 - 6.001%
12101/200000 - 6.051%
12201/200000 - 6.1%
12301/200000 - 6.151%
12401/200000 - 6.2%
12501/200000 - 6.251%
12601/200000 - 6.301%
12701/200000 - 6.351%
12801/200000 - 6.401%
12901/200000 - 6.451%
13001/200000 - 6.5%
13101/200000 - 6.55%
13201/200000 - 6.6%
13301/200000 - 6.65%
13401/200000 - 6.7%
13501/200000 - 6.75%
13601/200000 - 6.8%
13701/200000 - 6.85%
13801/200000 - 6.901%
13901/200000 - 6.95%
14001/200000 - 7.0%
14101/200000 - 7.05%
14201/200000 - 7.101%
14301/200000 - 7.151%
14401/200000 - 7.2%
14501/200000 - 7.25%
14601/200000 - 7.301%
14701/200000 - 7.351%
14801/200000 - 7.401%
14901/200000 - 7.45%
15001/200000 - 7.501%
15101/200000 - 7.551%
15201/200000 - 7.601%
15301/200000 - 7.651%
15401/200000 - 7.701%
15501/200000 - 7.751%
15601/200000 - 7.801%
15701/200000 - 7.851%
15801/200000 - 7.901%
15901/200000 - 7.951%
16001/200000 - 8.001%
16101/200000 - 8.05%
16201/200000 - 8.101%
16301/200000 - 8.15%
16401/200000 - 8.2%
16501/200000 - 8.25%
16601/200000 - 8.3%
16701/200000 - 8.351%
16801/200000 - 8.4%
16901/200000 - 8.45%
17001/200000 - 8.5%
17101/200000 - 8.55%
17201/200000 - 8.601%
17301/200000 - 8.65%
17401/200000 - 8.7%
17501/200000 - 8.751%
17601/200000 - 8.8%
17701/200000 - 8.851%
17801/200000 - 8.901%
17901/200000 - 8.95%
18001/200000 - 9.001%
18101/200000 - 9.05%
18201/200000 - 9.101%
18301/200000 - 9.151%
18401/200000 - 9.2%
18501/200000 - 9.251%
18601/200000 - 9.3%
18701/200000 - 9.351%
18801/200000 - 9.401%
18901/200000 - 9.45%
19001/200000 - 9.501%
19101/200000 - 9.551%
19201/200000 - 9.6%
19301/200000 - 9.65%
19401/200000 - 9.7%
19501/200000 - 9.75%
19601/200000 - 9.8%
19701/200000 - 9.851%
19801/200000 - 9.9%
19901/200000 - 9.95%
20001/200000 - 10.0%
20101/200000 - 10.05%
20201/200000 - 10.101%
20301/200000 - 10.15%
20401/200000 - 10.2%
20501/200000 - 10.251%
20601/200000 - 10.3%
20701/200000 - 10.351%
20801/200000 - 10.4%
20901/200000 - 10.45%
21001/200000 - 10.501%
21101/200000 - 10.55%
21201/200000 - 10.601%
21301/200000 - 10.651%
21401/200000 - 10.7%
21501/200000 - 10.751%
21601/200000 - 10.8%
21701/200000 - 10.851%
21801/200000 - 10.901%
21901/200000 - 10.95%
22001/200000 - 11.001%
22101/200000 - 11.051%
22201/200000 - 11.101%
22301/200000 - 11.151%
22401/200000 - 11.2%
22501/200000 - 11.25%
22601/200000 - 11.3%
22701/200000 - 11.351%
22801/200000 - 11.4%
22901/200000 - 11.45%
23001/200000 - 11.5%
23101/200000 - 11.55%
23201/200000 - 11.601%
23301/200000 - 11.65%
23401/200000 - 11.7%
23501/200000 - 11.751%
23601/200000 - 11.8%
23701/200000 - 11.851%
23801/200000 - 11.9%
23901/200000 - 11.95%
24001/200000 - 12.001%
24101/200000 - 12.05%
24201/200000 - 12.101%
24301/200000 - 12.151%
24401/200000 - 12.2%
24501/200000 - 12.251%
24601/200000 - 12.3%
24701/200000 - 12.351%
24801/200000 - 12.401%
24901/200000 - 12.45%
25001/200000 - 12.501%
25101/200000 - 12.551%
25201/200000 - 12.601%
25301/200000 - 12.651%
25401/200000 - 12.7%
25501/200000 - 12.751%
25601/200000 - 12.801%
25701/200000 - 12.851%
25801/200000 - 12.901%
25901/200000 - 12.951%
26001/200000 - 13.001%
26101/200000 - 13.051%
26201/200000 - 13.101%
26301/200000 - 13.151%
26401/200000 - 13.201%
26501/200000 - 13.251%
26601/200000 - 13.301%
26701/200000 - 13.351%
26801/200000 - 13.401%
26901/200000 - 13.451%
27001/200000 - 13.5%
27101/200000 - 13.55%
27201/200000 - 13.6%
27301/200000 - 13.65%
27401/200000 - 13.7%
27501/200000 - 13.75%
27601/200000 - 13.8%
27701/200000 - 13.85%
27801/200000 - 13.9%
27901/200000 - 13.95%
28001/200000 - 14.0%
28101/200000 - 14.05%
28201/200000 - 14.1%
28301/200000 - 14.15%
28401/200000 - 14.2%
28501/200000 - 14.25%
28601/200000 - 14.3%
28701/200000 - 14.351%
28801/200000 - 14.4%
28901/200000 - 14.45%
29001/200000 - 14.5%
29101/200000 - 14.55%
29201/200000 - 14.601%
29301/200000 - 14.65%
29401/200000 - 14.7%
29501/200000 - 14.75%
29601/200000 - 14.8%
29701/200000 - 14.851%
29801/200000 - 14.9%
29901/200000 - 14.95%
30001/200000 - 15.001%
30101/200000 - 15.05%
30201/200000 - 15.101%
30301/200000 - 15.151%
30401/200000 - 15.2%
30501/200000 - 15.251%
30601/200000 - 15.3%
30701/200000 - 15.351%
30801/200000 - 15.401%
30901/200000 - 15.45%
31001/200000 - 15.501%
31101/200000 - 15.55%
31201/200000 - 15.601%
31301/200000 - 15.651%
31401/200000 - 15.7%
31501/200000 - 15.751%
31601/200000 - 15.801%
31701/200000 - 15.851%
31801/200000 - 15.901%
31901/200000 - 15.951%
32001/200000 - 16.001%
32101/200000 - 16.05%
32201/200000 - 16.101%
32301/200000 - 16.151%
32401/200000 - 16.201%
32501/200000 - 16.251%
32601/200000 - 16.3%
32701/200000 - 16.351%
32801/200000 - 16.401%
32901/200000 - 16.451%
33001/200000 - 16.501%
33101/200000 - 16.55%
33201/200000 - 16.601%
33301/200000 - 16.65%
33401/200000 - 16.7%
33501/200000 - 16.75%
33601/200000 - 16.8%
33701/200000 - 16.851%
33801/200000 - 16.9%
33901/200000 - 16.95%
34001/200000 - 17.0%
34101/200000 - 17.05%
34201/200000 - 17.101%
34301/200000 - 17.15%
34401/200000 - 17.2%
34501/200000 - 17.25%
34601/200000 - 17.3%
34701/200000 - 17.351%
34801/200000 - 17.401%
34901/200000 - 17.45%
35001/200000 - 17.5%
35101/200000 - 17.55%
35201/200000 - 17.601%
35301/200000 - 17.651%
35401/200000 - 17.7%
35501/200000 - 17.75%
35601/200000 - 17.8%
35701/200000 - 17.851%
35801/200000 - 17.901%
35901/200000 - 17.95%
36001/200000 - 18.0%
36101/200000 - 18.05%
36201/200000 - 18.101%
36301/200000 - 18.151%
36401/200000 - 18.201%
36501/200000 - 18.25%
36601/200000 - 18.3%
36701/200000 - 18.351%
36801/200000 - 18.401%
36901/200000 - 18.451%
37001/200000 - 18.5%
37101/200000 - 18.55%
37201/200000 - 18.601%
37301/200000 - 18.651%
37401/200000 - 18.701%
37501/200000 - 18.75%
37601/200000 - 18.8%
37701/200000 - 18.851%
37801/200000 - 18.901%
37901/200000 - 18.951%
38001/200000 - 19.001%
38101/200000 - 19.05%
38201/200000 - 19.101%
38301/200000 - 19.151%
38401/200000 - 19.201%
38501/200000 - 19.251%
38601/200000 - 19.3%
38701/200000 - 19.351%
38801/200000 - 19.401%
38901/200000 - 19.451%
39001/200000 - 19.501%
39101/200000 - 19.55%
39201/200000 - 19.601%
39301/200000 - 19.651%
39401/200000 - 19.701%
39501/200000 - 19.75%
39601/200000 - 19.8%
39701/200000 - 19.851%
39801/200000 - 19.9%
39901/200000 - 19.95%
40001/200000 - 20.0%
40101/200000 - 20.05%
40201/200000 - 20.101%
40301/200000 - 20.15%
40401/200000 - 20.2%
40501/200000 - 20.25%
40601/200000 - 20.3%
40701/200000 - 20.351%
40801/200000 - 20.401%
40901/200000 - 20.45%
41001/200000 - 20.5%
41101/200000 - 20.55%
41201/200000 - 20.601%
41301/200000 - 20.651%
41401/200000 - 20.7%
41501/200000 - 20.75%
41601/200000 - 20.8%
41701/200000 - 20.851%
41801/200000 - 20.901%
41901/200000 - 20.95%
42001/200000 - 21.0%
42101/200000 - 21.05%
42201/200000 - 21.101%
42301/200000 - 21.151%
42401/200000 - 21.2%
42501/200000 - 21.25%
42601/200000 - 21.3%
42701/200000 - 21.351%
42801/200000 - 21.401%
42901/200000 - 21.451%
43001/200000 - 21.5%
43101/200000 - 21.55%
43201/200000 - 21.601%
43301/200000 - 21.651%
43401/200000 - 21.701%
43501/200000 - 21.75%
43601/200000 - 21.8%
43701/200000 - 21.851%
43801/200000 - 21.901%
43901/200000 - 21.951%
44001/200000 - 22.001%
44101/200000 - 22.05%
44201/200000 - 22.101%
44301/200000 - 22.151%
44401/200000 - 22.201%
44501/200000 - 22.251%
44601/200000 - 22.3%
44701/200000 - 22.351%
44801/200000 - 22.401%
44901/200000 - 22.451%
45001/200000 - 22.501%
45101/200000 - 22.55%
45201/200000 - 22.601%
45301/200000 - 22.651%
45401/200000 - 22.701%
45501/200000 - 22.751%
45601/200000 - 22.8%
45701/200000 - 22.851%
45801/200000 - 22.9%
45901/200000 - 22.95%
46001/200000 - 23.0%
46101/200000 - 23.05%
46201/200000 - 23.101%
46301/200000 - 23.15%
46401/200000 - 23.2%
46501/200000 - 23.25%
46601/200000 - 23.3%
46701/200000 - 23.351%
46801/200000 - 23.4%
46901/200000 - 23.45%
47001/200000 - 23.5%
47101/200000 - 23.55%
47201/200000 - 23.601%
47301/200000 - 23.651%
47401/200000 - 23.7%
47501/200000 - 23.75%
47601/200000 - 23.8%
47701/200000 - 23.851%
47801/200000 - 23.901%
47901/200000 - 23.95%
48001/200000 - 24.0%
48101/200000 - 24.05%
48201/200000 - 24.101%
48301/200000 - 24.151%
48401/200000 - 24.2%
48501/200000 - 24.25%
48601/200000 - 24.3%
48701/200000 - 24.351%
48801/200000 - 24.401%
48901/200000 - 24.451%
49001/200000 - 24.5%
49101/200000 - 24.55%
49201/200000 - 24.601%
49301/200000 - 24.651%
49401/200000 - 24.701%
49501/200000 - 24.75%
49601/200000 - 24.8%
49701/200000 - 24.851%
49801/200000 - 24.901%
49901/200000 - 24.951%
50001/200000 - 25.0%
50101/200000 - 25.05%
50201/200000 - 25.1%
50301/200000 - 25.15%
50401/200000 - 25.2%
50501/200000 - 25.25%
50601/200000 - 25.3%
50701/200000 - 25.35%
50801/200000 - 25.4%
50901/200000 - 25.45%
51001/200000 - 25.5%
51101/200000 - 25.55%
51201/200000 - 25.6%
51301/200000 - 25.65%
51401/200000 - 25.7%
51501/200000 - 25.75%
51601/200000 - 25.8%
51701/200000 - 25.85%
51801/200000 - 25.9%
51901/200000 - 25.95%
52001/200000 - 26.0%
52101/200000 - 26.05%
52201/200000 - 26.101%
52301/200000 - 26.15%
52401/200000 - 26.2%
52501/200000 - 26.25%
52601/200000 - 26.3%
52701/200000 - 26.351%
52801/200000 - 26.4%
52901/200000 - 26.45%
53001/200000 - 26.5%
53101/200000 - 26.55%
53201/200000 - 26.601%
53301/200000 - 26.651%
53401/200000 - 26.7%
53501/200000 - 26.75%
53601/200000 - 26.8%
53701/200000 - 26.851%
53801/200000 - 26.901%
53901/200000 - 26.95%
54001/200000 - 27.0%
54101/200000 - 27.05%
54201/200000 - 27.101%
54301/200000 - 27.151%
54401/200000 - 27.2%
54501/200000 - 27.25%
54601/200000 - 27.3%
54701/200000 - 27.351%
54801/200000 - 27.401%
54901/200000 - 27.45%
55001/200000 - 27.5%
55101/200000 - 27.55%
55201/200000 - 27.601%
55301/200000 - 27.651%
55401/200000 - 27.701%
55501/200000 - 27.75%
55601/200000 - 27.8%
55701/200000 - 27.851%
55801/200000 - 27.901%
55901/200000 - 27.951%
56001/200000 - 28.0%
56101/200000 - 28.05%
56201/200000 - 28.101%
56301/200000 - 28.151%
56401/200000 - 28.201%
56501/200000 - 28.251%
56601/200000 - 28.3%
56701/200000 - 28.351%
56801/200000 - 28.401%
56901/200000 - 28.451%
57001/200000 - 28.501%
57101/200000 - 28.55%
57201/200000 - 28.601%
57301/200000 - 28.651%
57401/200000 - 28.701%
57501/200000 - 28.751%
57601/200000 - 28.8%
57701/200000 - 28.851%
57801/200000 - 28.901%
57901/200000 - 28.951%
58001/200000 - 29.001%
58101/200000 - 29.05%
58201/200000 - 29.101%
58301/200000 - 29.151%
58401/200000 - 29.201%
58501/200000 - 29.251%
58601/200000 - 29.301%
58701/200000 - 29.351%
58801/200000 - 29.401%
58901/200000 - 29.451%
59001/200000 - 29.501%
59101/200000 - 29.551%
59201/200000 - 29.601%
59301/200000 - 29.651%
59401/200000 - 29.701%
59501/200000 - 29.751%
59601/200000 - 29.801%
59701/200000 - 29.851%
59801/200000 - 29.901%
59901/200000 - 29.951%
60001/200000 - 30.001%
60101/200000 - 30.051%
60201/200000 - 30.101%
60301/200000 - 30.151%
60401/200000 - 30.201%
60501/200000 - 30.251%
60601/200000 - 30.301%
60701/200000 - 30.351%
60801/200000 - 30.401%
60901/200000 - 30.451%
61001/200000 - 30.501%
61101/200000 - 30.551%
61201/200000 - 30.601%
61301/200000 - 30.651%
61401/200000 - 30.7%
61501/200000 - 30.75%
61601/200000 - 30.8%
61701/200000 - 30.85%
61801/200000 - 30.9%
61901/200000 - 30.95%
62001/200000 - 31.0%
62101/200000 - 31.05%
62201/200000 - 31.1%
62301/200000 - 31.15%
62401/200000 - 31.2%
62501/200000 - 31.25%
62601/200000 - 31.3%
62701/200000 - 31.35%
62801/200000 - 31.4%
62901/200000 - 31.45%
63001/200000 - 31.5%
63101/200000 - 31.55%
63201/200000 - 31.6%
63301/200000 - 31.65%
63401/200000 - 31.7%
63501/200000 - 31.75%
63601/200000 - 31.8%
63701/200000 - 31.85%
63801/200000 - 31.9%
63901/200000 - 31.95%
64001/200000 - 32.0%
64101/200000 - 32.05%
64201/200000 - 32.1%
64301/200000 - 32.151%
64401/200000 - 32.2%
64501/200000 - 32.25%
64601/200000 - 32.3%
64701/200000 - 32.35%
64801/200000 - 32.401%
64901/200000 - 32.45%
65001/200000 - 32.501%
65101/200000 - 32.55%
65201/200000 - 32.6%
65301/200000 - 32.651%
65401/200000 - 32.7%
65501/200000 - 32.751%
65601/200000 - 32.8%
65701/200000 - 32.85%
65801/200000 - 32.901%
65901/200000 - 32.95%
66001/200000 - 33.001%
66101/200000 - 33.05%
66201/200000 - 33.1%
66301/200000 - 33.151%
66401/200000 - 33.2%
66501/200000 - 33.251%
66601/200000 - 33.3%
66701/200000 - 33.35%
66801/200000 - 33.401%
66901/200000 - 33.45%
67001/200000 - 33.501%
67101/200000 - 33.55%
67201/200000 - 33.6%
67301/200000 - 33.651%
67401/200000 - 33.7%
67501/200000 - 33.751%
67601/200000 - 33.8%
67701/200000 - 33.85%
67801/200000 - 33.901%
67901/200000 - 33.95%
68001/200000 - 34.001%
68101/200000 - 34.05%
68201/200000 - 34.1%
68301/200000 - 34.151%
68401/200000 - 34.2%
68501/200000 - 34.251%
68601/200000 - 34.3%
68701/200000 - 34.351%
68801/200000 - 34.401%
68901/200000 - 34.45%
69001/200000 - 34.501%
69101/200000 - 34.55%
69201/200000 - 34.601%
69301/200000 - 34.651%
69401/200000 - 34.7%
69501/200000 - 34.751%
69601/200000 - 34.8%
69701/200000 - 34.851%
69801/200000 - 34.901%
69901/200000 - 34.95%
70001/200000 - 35.001%
70101/200000 - 35.05%
70201/200000 - 35.101%
70301/200000 - 35.151%
70401/200000 - 35.2%
70501/200000 - 35.251%
70601/200000 - 35.3%
70701/200000 - 35.351%
70801/200000 - 35.401%
70901/200000 - 35.45%
71001/200000 - 35.501%
71101/200000 - 35.55%
71201/200000 - 35.601%
71301/200000 - 35.651%
71401/200000 - 35.701%
71501/200000 - 35.751%
71601/200000 - 35.8%
71701/200000 - 35.851%
71801/200000 - 35.901%
71901/200000 - 35.951%
72001/200000 - 36.001%
72101/200000 - 36.05%
72201/200000 - 36.101%
72301/200000 - 36.151%
72401/200000 - 36.201%
72501/200000 - 36.251%
72601/200000 - 36.3%
72701/200000 - 36.351%
72801/200000 - 36.401%
72901/200000 - 36.451%
73001/200000 - 36.501%
73101/200000 - 36.55%
73201/200000 - 36.601%
73301/200000 - 36.651%
73401/200000 - 36.701%
73501/200000 - 36.751%
73601/200000 - 36.8%
73701/200000 - 36.851%
73801/200000 - 36.901%
73901/200000 - 36.95%
74001/200000 - 37.0%
74101/200000 - 37.05%
74201/200000 - 37.1%
74301/200000 - 37.15%
74401/200000 - 37.2%
74501/200000 - 37.25%
74601/200000 - 37.3%
74701/200000 - 37.35%
74801/200000 - 37.401%
74901/200000 - 37.45%
75001/200000 - 37.5%
75101/200000 - 37.55%
75201/200000 - 37.6%
75301/200000 - 37.651%
75401/200000 - 37.7%
75501/200000 - 37.75%
75601/200000 - 37.8%
75701/200000 - 37.85%
75801/200000 - 37.901%
75901/200000 - 37.95%
76001/200000 - 38.0%
76101/200000 - 38.05%
76201/200000 - 38.1%
76301/200000 - 38.151%
76401/200000 - 38.2%
76501/200000 - 38.25%
76601/200000 - 38.3%
76701/200000 - 38.35%
76801/200000 - 38.401%
76901/200000 - 38.45%
77001/200000 - 38.5%
77101/200000 - 38.55%
77201/200000 - 38.6%
77301/200000 - 38.651%
77401/200000 - 38.7%
77501/200000 - 38.751%
77601/200000 - 38.8%
77701/200000 - 38.85%
77801/200000 - 38.901%
77901/200000 - 38.95%
78001/200000 - 39.001%
78101/200000 - 39.05%
78201/200000 - 39.1%
78301/200000 - 39.151%
78401/200000 - 39.2%
78501/200000 - 39.251%
78601/200000 - 39.3%
78701/200000 - 39.35%
78801/200000 - 39.401%
78901/200000 - 39.45%
79001/200000 - 39.501%
79101/200000 - 39.55%
79201/200000 - 39.6%
79301/200000 - 39.651%
79401/200000 - 39.7%
79501/200000 - 39.751%
79601/200000 - 39.8%
79701/200000 - 39.85%
79801/200000 - 39.901%
79901/200000 - 39.95%
80001/200000 - 40.001%
80101/200000 - 40.05%
80201/200000 - 40.1%
80301/200000 - 40.151%
80401/200000 - 40.2%
80501/200000 - 40.251%
80601/200000 - 40.3%
80701/200000 - 40.35%
80801/200000 - 40.401%
80901/200000 - 40.45%
81001/200000 - 40.501%
81101/200000 - 40.55%
81201/200000 - 40.601%
81301/200000 - 40.651%
81401/200000 - 40.7%
81501/200000 - 40.751%
81601/200000 - 40.8%
81701/200000 - 40.851%
81801/200000 - 40.901%
81901/200000 - 40.95%
82001/200000 - 41.001%
82101/200000 - 41.05%
82201/200000 - 41.101%
82301/200000 - 41.151%
82401/200000 - 41.2%
82501/200000 - 41.251%
82601/200000 - 41.3%
82701/200000 - 41.351%
82801/200000 - 41.401%
82901/200000 - 41.45%
83001/200000 - 41.501%
83101/200000 - 41.55%
83201/200000 - 41.601%
83301/200000 - 41.651%
83401/200000 - 41.7%
83501/200000 - 41.751%
83601/200000 - 41.8%
83701/200000 - 41.851%
83801/200000 - 41.901%
83901/200000 - 41.951%
84001/200000 - 42.001%
84101/200000 - 42.05%
84201/200000 - 42.101%
84301/200000 - 42.151%
84401/200000 - 42.201%
84501/200000 - 42.251%
84601/200000 - 42.3%
84701/200000 - 42.351%
84801/200000 - 42.401%
84901/200000 - 42.451%
85001/200000 - 42.501%
85101/200000 - 42.55%
85201/200000 - 42.601%
85301/200000 - 42.651%
85401/200000 - 42.701%
85501/200000 - 42.751%
85601/200000 - 42.8%
85701/200000 - 42.851%
85801/200000 - 42.901%
85901/200000 - 42.951%
86001/200000 - 43.001%
86101/200000 - 43.05%
86201/200000 - 43.101%
86301/200000 - 43.151%
86401/200000 - 43.2%
86501/200000 - 43.25%
86601/200000 - 43.3%
86701/200000 - 43.35%
86801/200000 - 43.4%
86901/200000 - 43.45%
87001/200000 - 43.5%
87101/200000 - 43.55%
87201/200000 - 43.6%
87301/200000 - 43.651%
87401/200000 - 43.7%
87501/200000 - 43.75%
87601/200000 - 43.8%
87701/200000 - 43.85%
87801/200000 - 43.901%
87901/200000 - 43.95%
88001/200000 - 44.0%
88101/200000 - 44.05%
88201/200000 - 44.1%
88301/200000 - 44.151%
88401/200000 - 44.2%
88501/200000 - 44.25%
88601/200000 - 44.3%
88701/200000 - 44.35%
88801/200000 - 44.401%
88901/200000 - 44.45%
89001/200000 - 44.5%
89101/200000 - 44.55%
89201/200000 - 44.6%
89301/200000 - 44.651%
89401/200000 - 44.7%
89501/200000 - 44.75%
89601/200000 - 44.8%
89701/200000 - 44.85%
89801/200000 - 44.901%
89901/200000 - 44.95%
90001/200000 - 45.001%
90101/200000 - 45.05%
90201/200000 - 45.1%
90301/200000 - 45.151%
90401/200000 - 45.2%
90501/200000 - 45.251%
90601/200000 - 45.3%
90701/200000 - 45.35%
90801/200000 - 45.401%
90901/200000 - 45.45%
91001/200000 - 45.501%
91101/200000 - 45.55%
91201/200000 - 45.6%
91301/200000 - 45.651%
91401/200000 - 45.7%
91501/200000 - 45.751%
91601/200000 - 45.8%
91701/200000 - 45.85%
91801/200000 - 45.901%
91901/200000 - 45.95%
92001/200000 - 46.001%
92101/200000 - 46.05%
92201/200000 - 46.1%
92301/200000 - 46.151%
92401/200000 - 46.2%
92501/200000 - 46.251%
92601/200000 - 46.3%
92701/200000 - 46.35%
92801/200000 - 46.401%
92901/200000 - 46.45%
93001/200000 - 46.501%
93101/200000 - 46.55%
93201/200000 - 46.6%
93301/200000 - 46.651%
93401/200000 - 46.7%
93501/200000 - 46.751%
93601/200000 - 46.8%
93701/200000 - 46.851%
93801/200000 - 46.901%
93901/200000 - 46.95%
94001/200000 - 47.001%
94101/200000 - 47.05%
94201/200000 - 47.101%
94301/200000 - 47.151%
94401/200000 - 47.2%
94501/200000 - 47.251%
94601/200000 - 47.3%
94701/200000 - 47.351%
94801/200000 - 47.401%
94901/200000 - 47.45%
95001/200000 - 47.501%
95101/200000 - 47.55%
95201/200000 - 47.601%
95301/200000 - 47.651%
95401/200000 - 47.7%
95501/200000 - 47.751%
95601/200000 - 47.8%
95701/200000 - 47.851%
95801/200000 - 47.901%
95901/200000 - 47.95%
96001/200000 - 48.001%
96101/200000 - 48.05%
96201/200000 - 48.101%
96301/200000 - 48.151%
96401/200000 - 48.201%
96501/200000 - 48.251%
96601/200000 - 48.3%
96701/200000 - 48.351%
96801/200000 - 48.401%
96901/200000 - 48.451%
97001/200000 - 48.501%
97101/200000 - 48.55%
97201/200000 - 48.601%
97301/200000 - 48.651%
97401/200000 - 48.701%
97501/200000 - 48.751%
97601/200000 - 48.8%
97701/200000 - 48.851%
97801/200000 - 48.901%
97901/200000 - 48.951%
98001/200000 - 49.001%
98101/200000 - 49.05%
98201/200000 - 49.101%
98301/200000 - 49.151%
98401/200000 - 49.201%
98501/200000 - 49.251%
98601/200000 - 49.3%
98701/200000 - 49.351%
98801/200000 - 49.401%
98901/200000 - 49.45%
99001/200000 - 49.5%
99101/200000 - 49.55%
99201/200000 - 49.6%
99301/200000 - 49.65%
99401/200000 - 49.7%
99501/200000 - 49.75%
99601/200000 - 49.8%
99701/200000 - 49.85%
99801/200000 - 49.901%
99901/200000 - 49.95%
100001/200000 - 50.001%
100101/200000 - 50.05%
100201/200000 - 50.101%
100301/200000 - 50.151%
100401/200000 - 50.201%
100501/200000 - 50.25%
100601/200000 - 50.301%
100701/200000 - 50.35%
100801/200000 - 50.401%
100901/200000 - 50.45%
101001/200000 - 50.501%
101101/200000 - 50.55%
101201/200000 - 50.601%
101301/200000 - 50.651%
101401/200000 - 50.701%
101501/200000 - 50.75%
101601/200000 - 50.801%
101701/200000 - 50.85%
101801/200000 - 50.901%
101901/200000 - 50.95%
102001/200000 - 51.001%
102101/200000 - 51.05%
102201/200000 - 51.101%
102301/200000 - 51.151%
102401/200000 - 51.201%
102501/200000 - 51.251%
102601/200000 - 51.301%
102701/200000 - 51.35%
102801/200000 - 51.401%
102901/200000 - 51.45%
103001/200000 - 51.501%
103101/200000 - 51.55%
103201/200000 - 51.601%
103301/200000 - 51.651%
103401/200000 - 51.701%
103501/200000 - 51.751%
103601/200000 - 51.801%
103701/200000 - 51.85%
103801/200000 - 51.901%
103901/200000 - 51.95%
104001/200000 - 52.001%
104101/200000 - 52.05%
104201/200000 - 52.101%
104301/200000 - 52.151%
104401/200000 - 52.201%
104501/200000 - 52.251%
104601/200000 - 52.301%
104701/200000 - 52.35%
104801/200000 - 52.401%
104901/200000 - 52.45%
105001/200000 - 52.501%
105101/200000 - 52.55%
105201/200000 - 52.6%
105301/200000 - 52.651%
105401/200000 - 52.7%
105501/200000 - 52.751%
105601/200000 - 52.8%
105701/200000 - 52.85%
105801/200000 - 52.9%
105901/200000 - 52.95%
106001/200000 - 53.0%
106101/200000 - 53.05%
106201/200000 - 53.1%
106301/200000 - 53.151%
106401/200000 - 53.2%
106501/200000 - 53.251%
106601/200000 - 53.3%
106701/200000 - 53.351%
106801/200000 - 53.4%
106901/200000 - 53.45%
107001/200000 - 53.5%
107101/200000 - 53.55%
107201/200000 - 53.6%
107301/200000 - 53.651%
107401/200000 - 53.7%
107501/200000 - 53.751%
107601/200000 - 53.8%
107701/200000 - 53.851%
107801/200000 - 53.9%
107901/200000 - 53.95%
108001/200000 - 54.0%
108101/200000 - 54.05%
108201/200000 - 54.1%
108301/200000 - 54.151%
108401/200000 - 54.2%
108501/200000 - 54.251%
108601/200000 - 54.3%
108701/200000 - 54.351%
108801/200000 - 54.4%
108901/200000 - 54.451%
109001/200000 - 54.5%
109101/200000 - 54.55%
109201/200000 - 54.6%
109301/200000 - 54.651%
109401/200000 - 54.7%
109501/200000 - 54.751%
109601/200000 - 54.8%
109701/200000 - 54.851%
109801/200000 - 54.9%
109901/200000 - 54.951%
110001/200000 - 55.0%
110101/200000 - 55.05%
110201/200000 - 55.1%
110301/200000 - 55.151%
110401/200000 - 55.2%
110501/200000 - 55.251%
110601/200000 - 55.3%
110701/200000 - 55.351%
110801/200000 - 55.4%
110901/200000 - 55.451%
111001/200000 - 55.5%
111101/200000 - 55.55%
111201/200000 - 55.6%
111301/200000 - 55.651%
111401/200000 - 55.7%
111501/200000 - 55.751%
111601/200000 - 55.8%
111701/200000 - 55.851%
111801/200000 - 55.9%
111901/200000 - 55.951%
112001/200000 - 56.0%
112101/200000 - 56.05%
112201/200000 - 56.1%
112301/200000 - 56.151%
112401/200000 - 56.2%
112501/200000 - 56.251%
112601/200000 - 56.3%
112701/200000 - 56.351%
112801/200000 - 56.401%
112901/200000 - 56.451%
113001/200000 - 56.5%
113101/200000 - 56.551%
113201/200000 - 56.6%
113301/200000 - 56.651%
113401/200000 - 56.7%
113501/200000 - 56.751%
113601/200000 - 56.8%
113701/200000 - 56.851%
113801/200000 - 56.901%
113901/200000 - 56.951%
114001/200000 - 57.0%
114101/200000 - 57.051%
114201/200000 - 57.1%
114301/200000 - 57.151%
114401/200000 - 57.2%
114501/200000 - 57.251%
114601/200000 - 57.3%
114701/200000 - 57.351%
114801/200000 - 57.401%
114901/200000 - 57.451%
115001/200000 - 57.501%
115101/200000 - 57.551%
115201/200000 - 57.6%
115301/200000 - 57.651%
115401/200000 - 57.7%
115501/200000 - 57.751%
115601/200000 - 57.8%
115701/200000 - 57.851%
115801/200000 - 57.901%
115901/200000 - 57.951%
116001/200000 - 58.001%
116101/200000 - 58.051%
116201/200000 - 58.1%
116301/200000 - 58.151%
116401/200000 - 58.2%
116501/200000 - 58.251%
116601/200000 - 58.3%
116701/200000 - 58.351%
116801/200000 - 58.401%
116901/200000 - 58.451%
117001/200000 - 58.501%
117101/200000 - 58.551%
117201/200000 - 58.6%
117301/200000 - 58.651%
117401/200000 - 58.7%
117501/200000 - 58.751%
117601/200000 - 58.8%
117701/200000 - 58.85%
117801/200000 - 58.901%
117901/200000 - 58.95%
118001/200000 - 59.001%
118101/200000 - 59.05%
118201/200000 - 59.1%
118301/200000 - 59.15%
118401/200000 - 59.2%
118501/200000 - 59.25%
118601/200000 - 59.3%
118701/200000 - 59.35%
118801/200000 - 59.401%
118901/200000 - 59.45%
119001/200000 - 59.501%
119101/200000 - 59.55%
119201/200000 - 59.601%
119301/200000 - 59.65%
119401/200000 - 59.7%
119501/200000 - 59.75%
119601/200000 - 59.8%
119701/200000 - 59.85%
119801/200000 - 59.901%
119901/200000 - 59.95%
120001/200000 - 60.001%
120101/200000 - 60.05%
120201/200000 - 60.101%
120301/200000 - 60.15%
120401/200000 - 60.2%
120501/200000 - 60.25%
120601/200000 - 60.3%
120701/200000 - 60.35%
120801/200000 - 60.401%
120901/200000 - 60.45%
121001/200000 - 60.501%
121101/200000 - 60.55%
121201/200000 - 60.601%
121301/200000 - 60.65%
121401/200000 - 60.701%
121501/200000 - 60.75%
121601/200000 - 60.8%
121701/200000 - 60.85%
121801/200000 - 60.901%
121901/200000 - 60.95%
122001/200000 - 61.001%
122101/200000 - 61.05%
122201/200000 - 61.101%
122301/200000 - 61.15%
122401/200000 - 61.201%
122501/200000 - 61.25%
122601/200000 - 61.3%
122701/200000 - 61.35%
122801/200000 - 61.401%
122901/200000 - 61.45%
123001/200000 - 61.501%
123101/200000 - 61.55%
123201/200000 - 61.601%
123301/200000 - 61.65%
123401/200000 - 61.701%
123501/200000 - 61.75%
123601/200000 - 61.8%
123701/200000 - 61.85%
123801/200000 - 61.901%
123901/200000 - 61.95%
124001/200000 - 62.001%
124101/200000 - 62.05%
124201/200000 - 62.101%
124301/200000 - 62.15%
124401/200000 - 62.201%
124501/200000 - 62.25%
124601/200000 - 62.3%
124701/200000 - 62.35%
124801/200000 - 62.401%
124901/200000 - 62.45%
125001/200000 - 62.501%
125101/200000 - 62.55%
125201/200000 - 62.601%
125301/200000 - 62.651%
125401/200000 - 62.701%
125501/200000 - 62.75%
125601/200000 - 62.801%
125701/200000 - 62.85%
125801/200000 - 62.901%
125901/200000 - 62.95%
126001/200000 - 63.001%
126101/200000 - 63.05%
126201/200000 - 63.101%
126301/200000 - 63.151%
126401/200000 - 63.201%
126501/200000 - 63.25%
126601/200000 - 63.301%
126701/200000 - 63.35%
126801/200000 - 63.401%
126901/200000 - 63.45%
127001/200000 - 63.501%
127101/200000 - 63.55%
127201/200000 - 63.601%
127301/200000 - 63.651%
127401/200000 - 63.701%
127501/200000 - 63.751%
127601/200000 - 63.801%
127701/200000 - 63.85%
127801/200000 - 63.901%
127901/200000 - 63.95%
128001/200000 - 64.001%
128101/200000 - 64.05%
128201/200000 - 64.101%
128301/200000 - 64.15%
128401/200000 - 64.201%
128501/200000 - 64.251%
128601/200000 - 64.3%
128701/200000 - 64.35%
128801/200000 - 64.401%
128901/200000 - 64.451%
129001/200000 - 64.501%
129101/200000 - 64.55%
129201/200000 - 64.601%
129301/200000 - 64.65%
129401/200000 - 64.701%
129501/200000 - 64.751%
129601/200000 - 64.8%
129701/200000 - 64.85%
129801/200000 - 64.901%
129901/200000 - 64.951%
130001/200000 - 65.001%
130101/200000 - 65.05%
130201/200000 - 65.1%
130301/200000 - 65.15%
130401/200000 - 65.2%
130501/200000 - 65.251%
130601/200000 - 65.3%
130701/200000 - 65.35%
130801/200000 - 65.4%
130901/200000 - 65.451%
131001/200000 - 65.5%
131101/200000 - 65.55%
131201/200000 - 65.6%
131301/200000 - 65.65%
131401/200000 - 65.7%
131501/200000 - 65.751%
131601/200000 - 65.8%
131701/200000 - 65.85%
131801/200000 - 65.9%
131901/200000 - 65.951%
132001/200000 - 66.0%
132101/200000 - 66.05%
132201/200000 - 66.1%
132301/200000 - 66.15%
132401/200000 - 66.2%
132501/200000 - 66.251%
132601/200000 - 66.3%
132701/200000 - 66.35%
132801/200000 - 66.4%
132901/200000 - 66.451%
133001/200000 - 66.501%
133101/200000 - 66.55%
133201/200000 - 66.6%
133301/200000 - 66.651%
133401/200000 - 66.7%
133501/200000 - 66.751%
133601/200000 - 66.8%
133701/200000 - 66.85%
133801/200000 - 66.9%
133901/200000 - 66.951%
134001/200000 - 67.001%
134101/200000 - 67.05%
134201/200000 - 67.1%
134301/200000 - 67.151%
134401/200000 - 67.2%
134501/200000 - 67.251%
134601/200000 - 67.3%
134701/200000 - 67.35%
134801/200000 - 67.4%
134901/200000 - 67.451%
135001/200000 - 67.501%
135101/200000 - 67.55%
135201/200000 - 67.6%
135301/200000 - 67.651%
135401/200000 - 67.7%
135501/200000 - 67.751%
135601/200000 - 67.8%
135701/200000 - 67.85%
135801/200000 - 67.9%
135901/200000 - 67.951%
136001/200000 - 68.001%
136101/200000 - 68.05%
136201/200000 - 68.1%
136301/200000 - 68.151%
136401/200000 - 68.2%
136501/200000 - 68.251%
136601/200000 - 68.3%
136701/200000 - 68.35%
136801/200000 - 68.4%
136901/200000 - 68.451%
137001/200000 - 68.501%
137101/200000 - 68.55%
137201/200000 - 68.6%
137301/200000 - 68.651%
137401/200000 - 68.7%
137501/200000 - 68.751%
137601/200000 - 68.8%
137701/200000 - 68.85%
137801/200000 - 68.9%
137901/200000 - 68.951%
138001/200000 - 69.001%
138101/200000 - 69.05%
138201/200000 - 69.1%
138301/200000 - 69.151%
138401/200000 - 69.201%
138501/200000 - 69.251%
138601/200000 - 69.3%
138701/200000 - 69.351%
138801/200000 - 69.4%
138901/200000 - 69.451%
139001/200000 - 69.501%
139101/200000 - 69.55%
139201/200000 - 69.6%
139301/200000 - 69.651%
139401/200000 - 69.701%
139501/200000 - 69.751%
139601/200000 - 69.8%
139701/200000 - 69.851%
139801/200000 - 69.9%
139901/200000 - 69.951%
140001/200000 - 70.001%
140101/200000 - 70.05%
140201/200000 - 70.1%
140301/200000 - 70.151%
140401/200000 - 70.201%
140501/200000 - 70.251%
140601/200000 - 70.3%
140701/200000 - 70.351%
140801/200000 - 70.4%
140901/200000 - 70.451%
141001/200000 - 70.501%
141101/200000 - 70.55%
141201/200000 - 70.6%
141301/200000 - 70.651%
141401/200000 - 70.701%
141501/200000 - 70.751%
141601/200000 - 70.8%
141701/200000 - 70.851%
141801/200000 - 70.9%
141901/200000 - 70.951%
142001/200000 - 71.001%
142101/200000 - 71.05%
142201/200000 - 71.1%
142301/200000 - 71.151%
142401/200000 - 71.201%
142501/200000 - 71.251%
142601/200000 - 71.3%
142701/200000 - 71.35%
142801/200000 - 71.4%
142901/200000 - 71.45%
143001/200000 - 71.501%
143101/200000 - 71.55%
143201/200000 - 71.6%
143301/200000 - 71.65%
143401/200000 - 71.701%
143501/200000 - 71.75%
143601/200000 - 71.8%
143701/200000 - 71.85%
143801/200000 - 71.9%
143901/200000 - 71.95%
144001/200000 - 72.001%
144101/200000 - 72.05%
144201/200000 - 72.1%
144301/200000 - 72.15%
144401/200000 - 72.201%
144501/200000 - 72.25%
144601/200000 - 72.3%
144701/200000 - 72.35%
144801/200000 - 72.4%
144901/200000 - 72.45%
145001/200000 - 72.501%
145101/200000 - 72.55%
145201/200000 - 72.6%
145301/200000 - 72.65%
145401/200000 - 72.701%
145501/200000 - 72.751%
145601/200000 - 72.8%
145701/200000 - 72.85%
145801/200000 - 72.901%
145901/200000 - 72.95%
146001/200000 - 73.001%
146101/200000 - 73.05%
146201/200000 - 73.1%
146301/200000 - 73.15%
146401/200000 - 73.201%
146501/200000 - 73.251%
146601/200000 - 73.3%
146701/200000 - 73.35%
146801/200000 - 73.401%
146901/200000 - 73.45%
147001/200000 - 73.501%
147101/200000 - 73.55%
147201/200000 - 73.6%
147301/200000 - 73.65%
147401/200000 - 73.701%
147501/200000 - 73.751%
147601/200000 - 73.8%
147701/200000 - 73.85%
147801/200000 - 73.901%
147901/200000 - 73.95%
148001/200000 - 74.001%
148101/200000 - 74.05%
148201/200000 - 74.1%
148301/200000 - 74.15%
148401/200000 - 74.201%
148501/200000 - 74.251%
148601/200000 - 74.3%
148701/200000 - 74.35%
148801/200000 - 74.401%
148901/200000 - 74.45%
149001/200000 - 74.501%
149101/200000 - 74.55%
149201/200000 - 74.6%
149301/200000 - 74.65%
149401/200000 - 74.701%
149501/200000 - 74.751%
149601/200000 - 74.8%
149701/200000 - 74.85%
149801/200000 - 74.901%
149901/200000 - 74.95%
150001/200000 - 75.001%
150101/200000 - 75.05%
150201/200000 - 75.1%
150301/200000 - 75.15%
150401/200000 - 75.201%
150501/200000 - 75.251%
150601/200000 - 75.3%
150701/200000 - 75.35%
150801/200000 - 75.401%
150901/200000 - 75.451%
151001/200000 - 75.501%
151101/200000 - 75.55%
151201/200000 - 75.601%
151301/200000 - 75.65%
151401/200000 - 75.701%
151501/200000 - 75.751%
151601/200000 - 75.8%
151701/200000 - 75.85%
151801/200000 - 75.901%
151901/200000 - 75.951%
152001/200000 - 76.001%
152101/200000 - 76.05%
152201/200000 - 76.101%
152301/200000 - 76.15%
152401/200000 - 76.201%
152501/200000 - 76.251%
152601/200000 - 76.3%
152701/200000 - 76.35%
152801/200000 - 76.401%
152901/200000 - 76.451%
153001/200000 - 76.501%
153101/200000 - 76.55%
153201/200000 - 76.601%
153301/200000 - 76.65%
153401/200000 - 76.701%
153501/200000 - 76.751%
153601/200000 - 76.8%
153701/200000 - 76.85%
153801/200000 - 76.901%
153901/200000 - 76.951%
154001/200000 - 77.001%
154101/200000 - 77.05%
154201/200000 - 77.101%
154301/200000 - 77.15%
154401/200000 - 77.201%
154501/200000 - 77.251%
154601/200000 - 77.3%
154701/200000 - 77.35%
154801/200000 - 77.401%
154901/200000 - 77.451%
155001/200000 - 77.501%
155101/200000 - 77.55%
155201/200000 - 77.6%
155301/200000 - 77.65%
155401/200000 - 77.7%
155501/200000 - 77.751%
155601/200000 - 77.8%
155701/200000 - 77.85%
155801/200000 - 77.9%
155901/200000 - 77.951%
156001/200000 - 78.0%
156101/200000 - 78.05%
156201/200000 - 78.1%
156301/200000 - 78.15%
156401/200000 - 78.2%
156501/200000 - 78.251%
156601/200000 - 78.3%
156701/200000 - 78.35%
156801/200000 - 78.4%
156901/200000 - 78.451%
157001/200000 - 78.5%
157101/200000 - 78.55%
157201/200000 - 78.6%
157301/200000 - 78.65%
157401/200000 - 78.7%
157501/200000 - 78.751%
157601/200000 - 78.8%
157701/200000 - 78.85%
157801/200000 - 78.9%
157901/200000 - 78.951%
158001/200000 - 79.001%
158101/200000 - 79.05%
158201/200000 - 79.1%
158301/200000 - 79.151%
158401/200000 - 79.2%
158501/200000 - 79.251%
158601/200000 - 79.3%
158701/200000 - 79.35%
158801/200000 - 79.4%
158901/200000 - 79.451%
159001/200000 - 79.501%
159101/200000 - 79.55%
159201/200000 - 79.6%
159301/200000 - 79.651%
159401/200000 - 79.7%
159501/200000 - 79.751%
159601/200000 - 79.8%
159701/200000 - 79.85%
159801/200000 - 79.9%
159901/200000 - 79.951%
160001/200000 - 80.001%
160101/200000 - 80.05%
160201/200000 - 80.1%
160301/200000 - 80.151%
160401/200000 - 80.2%
160501/200000 - 80.251%
160601/200000 - 80.3%
160701/200000 - 80.35%
160801/200000 - 80.4%
160901/200000 - 80.451%
161001/200000 - 80.501%
161101/200000 - 80.55%
161201/200000 - 80.6%
161301/200000 - 80.651%
161401/200000 - 80.7%
161501/200000 - 80.751%
161601/200000 - 80.8%
161701/200000 - 80.85%
161801/200000 - 80.9%
161901/200000 - 80.951%
162001/200000 - 81.001%
162101/200000 - 81.05%
162201/200000 - 81.1%
162301/200000 - 81.151%
162401/200000 - 81.2%
162501/200000 - 81.251%
162601/200000 - 81.3%
162701/200000 - 81.35%
162801/200000 - 81.4%
162901/200000 - 81.451%
163001/200000 - 81.501%
163101/200000 - 81.55%
163201/200000 - 81.6%
163301/200000 - 81.651%
163401/200000 - 81.701%
163501/200000 - 81.751%
163601/200000 - 81.8%
163701/200000 - 81.851%
163801/200000 - 81.9%
163901/200000 - 81.951%
164001/200000 - 82.001%
164101/200000 - 82.05%
164201/200000 - 82.1%
164301/200000 - 82.151%
164401/200000 - 82.201%
164501/200000 - 82.251%
164601/200000 - 82.3%
164701/200000 - 82.351%
164801/200000 - 82.4%
164901/200000 - 82.451%
165001/200000 - 82.501%
165101/200000 - 82.55%
165201/200000 - 82.6%
165301/200000 - 82.651%
165401/200000 - 82.701%
165501/200000 - 82.751%
165601/200000 - 82.8%
165701/200000 - 82.851%
165801/200000 - 82.9%
165901/200000 - 82.951%
166001/200000 - 83.001%
166101/200000 - 83.05%
166201/200000 - 83.1%
166301/200000 - 83.151%
166401/200000 - 83.201%
166501/200000 - 83.251%
166601/200000 - 83.3%
166701/200000 - 83.351%
166801/200000 - 83.4%
166901/200000 - 83.451%
167001/200000 - 83.501%
167101/200000 - 83.55%
167201/200000 - 83.6%
167301/200000 - 83.651%
167401/200000 - 83.701%
167501/200000 - 83.751%
167601/200000 - 83.8%
167701/200000 - 83.85%


--------------Exception--------------
('list index out of range',)
list index out of range
json_data {'info': {'supercategory': 'Human', 'action_category_id': '37', 'actor_id': 'M170A', 'img_width': 1920, 'img_height': 1080, 'camera_no': 1, '2d_pos': ['Pelvis', 'L_Hip', 'R_Hip', 'Spine1', 'L_Knee', 'R_Knee', 'Spine2', 'L_Ankle', 'R_Ankle', 'Spine3', 'L_Foot', 'R_Foot', 'Neck', 'L_Collar', 'R_Collar', 'Head', 'L_Shoulder', 'R_Shoulder', 'L_Elbow', 'R_Elbow', 'L_Wrist', 'R_Wrist', 'L_Hand', 'R_Hand']}, 'annotations': {'img_no': 5827746, 'frame_no': 289, 'img_path': '/37_M170A_1/37_M170A_1_289.jpg', '2d_pos': [[1038, 710], [1059, 716], [1062, 727], [1001, 708], [1075, 620], [1075, 625], [961, 698], [1105, 512], [1105, 515], [944, 700], [1073, 488], [1068, 491], [891, 731], [918, 710], [915, 724], [866, 714], [912, 707], [902, 741], [973, 711], [967, 766], [1039, 724], [1042, 774], [1068, 730], [1073, 788]], 'new_2d_pos': [[1038, 710], [1059, 716], [1062, 727], [1001, 708], [1075, 620], [1075, 625], [961, 698], [1105, 512], [1105, 515], [944, 700], [1073, 488], [1068, 491], [891, 731], [918, 710], [915, 724], [866, 714], [912, 707], [902, 741], [973, 711], [967, 766], [1039, 724], [1042, 774], [1068, 730], [1073, 788]]}}
file: 37_M170A_1_289.jpg, j_path: /data/3d_pose_2023/2D_json/37_M170A/37_M170A_1_289.json


167801/200000 - 83.9%
167901/200000 - 83.95%
168001/200000 - 84.001%
168101/200000 - 84.05%
168201/200000 - 84.1%
168301/200000 - 84.15%


--------------Exception--------------
('list index out of range',)
list index out of range
json_data {'info': {'supercategory': 'Human', 'action_category_id': '37', 'actor_id': 'M170A', 'img_width': 1920, 'img_height': 1080, 'camera_no': 3, '2d_pos': ['Pelvis', 'L_Hip', 'R_Hip', 'Spine1', 'L_Knee', 'R_Knee', 'Spine2', 'L_Ankle', 'R_Ankle', 'Spine3', 'L_Foot', 'R_Foot', 'Neck', 'L_Collar', 'R_Collar', 'Head', 'L_Shoulder', 'R_Shoulder', 'L_Elbow', 'R_Elbow', 'L_Wrist', 'R_Wrist', 'L_Hand', 'R_Hand']}, 'annotations': {'img_no': 5828424, 'frame_no': 187, 'img_path': '/37_M170A_3/37_M170A_3_187.jpg', '2d_pos': [[951, 668], [934, 671], [966, 668], [953, 682], [937, 579], [963, 579], [954, 691], [932, 468], [961, 468], [956, 700], [916, 464], [968, 462], [965, 757], [937, 731], [982, 731], [964, 753], [898, 745], [1018, 741], [868, 727], [1031, 726], [871, 706], [1021, 701], [868, 700], [1020, 698]], 'new_2d_pos': [[951, 668], [934, 671], [966, 668], [953, 682], [937, 579], [963, 579], [954, 691], [932, 468], [961, 468], [956, 700], [916, 464], [968, 462], [965, 757], [937, 731], [982, 731], [964, 753], [898, 745], [1018, 741], [868, 727], [1031, 726], [871, 706], [1021, 701], [868, 700], [1020, 698]]}}
file: 37_M170A_3_187.jpg, j_path: /data/3d_pose_2023/2D_json/37_M170A/37_M170A_3_187.json




--------------Exception--------------
('list index out of range',)
list index out of range
json_data {'info': {'supercategory': 'Human', 'action_category_id': '37', 'actor_id': 'M170A', 'img_width': 1920, 'img_height': 1080, 'camera_no': 3, '2d_pos': ['Pelvis', 'L_Hip', 'R_Hip', 'Spine1', 'L_Knee', 'R_Knee', 'Spine2', 'L_Ankle', 'R_Ankle', 'Spine3', 'L_Foot', 'R_Foot', 'Neck', 'L_Collar', 'R_Collar', 'Head', 'L_Shoulder', 'R_Shoulder', 'L_Elbow', 'R_Elbow', 'L_Wrist', 'R_Wrist', 'L_Hand', 'R_Hand']}, 'annotations': {'img_no': 5828425, 'frame_no': 188, 'img_path': '/37_M170A_3/37_M170A_3_188.jpg', '2d_pos': [[951, 668], [934, 671], [966, 668], [953, 683], [936, 580], [964, 581], [954, 692], [932, 471], [962, 471], [956, 701], [916, 469], [970, 466], [965, 758], [936, 731], [982, 731], [964, 754], [898, 746], [1018, 742], [868, 728], [1031, 727], [871, 707], [1021, 701], [869, 701], [1019, 698]], 'new_2d_pos': [[951, 668], [934, 671], [966, 668], [953, 683], [936, 580], [964, 581], [954, 692], [932, 471], [962, 471], [956, 701], [916, 469], [970, 466], [965, 758], [936, 731], [982, 731], [964, 754], [898, 746], [1018, 742], [868, 728], [1031, 727], [871, 707], [1021, 701], [869, 701], [1019, 698]]}}
file: 37_M170A_3_188.jpg, j_path: /data/3d_pose_2023/2D_json/37_M170A/37_M170A_3_188.json


168401/200000 - 84.201%


--------------Exception--------------
('list index out of range',)
list index out of range
json_data {'info': {'supercategory': 'Human', 'action_category_id': '37', 'actor_id': 'M170A', 'img_width': 1920, 'img_height': 1080, 'camera_no': 3, '2d_pos': ['Pelvis', 'L_Hip', 'R_Hip', 'Spine1', 'L_Knee', 'R_Knee', 'Spine2', 'L_Ankle', 'R_Ankle', 'Spine3', 'L_Foot', 'R_Foot', 'Neck', 'L_Collar', 'R_Collar', 'Head', 'L_Shoulder', 'R_Shoulder', 'L_Elbow', 'R_Elbow', 'L_Wrist', 'R_Wrist', 'L_Hand', 'R_Hand']}, 'annotations': {'img_no': 5828426, 'frame_no': 189, 'img_path': '/37_M170A_3/37_M170A_3_189.jpg', '2d_pos': [[951, 669], [933, 671], [965, 669], [952, 683], [936, 583], [964, 584], [953, 692], [931, 475], [962, 475], [955, 702], [916, 476], [971, 471], [964, 759], [936, 732], [982, 732], [963, 756], [898, 747], [1017, 742], [867, 729], [1030, 727], [870, 708], [1021, 702], [868, 702], [1019, 699]], 'new_2d_pos': [[951, 669], [933, 671], [965, 669], [952, 683], [936, 583], [964, 584], [953, 692], [931, 475], [962, 475], [955, 702], [916, 476], [971, 471], [964, 759], [936, 732], [982, 732], [963, 756], [898, 747], [1017, 742], [867, 729], [1030, 727], [870, 708], [1021, 702], [868, 702], [1019, 699]]}}
file: 37_M170A_3_189.jpg, j_path: /data/3d_pose_2023/2D_json/37_M170A/37_M170A_3_189.json




--------------Exception--------------
('list index out of range',)
list index out of range
json_data {'info': {'supercategory': 'Human', 'action_category_id': '37', 'actor_id': 'M170A', 'img_width': 1920, 'img_height': 1080, 'camera_no': 3, '2d_pos': ['Pelvis', 'L_Hip', 'R_Hip', 'Spine1', 'L_Knee', 'R_Knee', 'Spine2', 'L_Ankle', 'R_Ankle', 'Spine3', 'L_Foot', 'R_Foot', 'Neck', 'L_Collar', 'R_Collar', 'Head', 'L_Shoulder', 'R_Shoulder', 'L_Elbow', 'R_Elbow', 'L_Wrist', 'R_Wrist', 'L_Hand', 'R_Hand']}, 'annotations': {'img_no': 5828428, 'frame_no': 191, 'img_path': '/37_M170A_3/37_M170A_3_191.jpg', '2d_pos': [[949, 669], [932, 672], [964, 669], [951, 684], [935, 588], [964, 589], [952, 693], [933, 482], [960, 481], [954, 702], [917, 485], [972, 480], [963, 760], [935, 733], [981, 733], [963, 757], [897, 747], [1016, 743], [866, 730], [1029, 728], [869, 709], [1020, 703], [867, 702], [1017, 700]], 'new_2d_pos': [[949, 669], [932, 672], [964, 669], [951, 684], [935, 588], [964, 589], [952, 693], [933, 482], [960, 481], [954, 702], [917, 485], [972, 480], [963, 760], [935, 733], [981, 733], [963, 757], [897, 747], [1016, 743], [866, 730], [1029, 728], [869, 709], [1020, 703], [867, 702], [1017, 700]]}}
file: 37_M170A_3_191.jpg, j_path: /data/3d_pose_2023/2D_json/37_M170A/37_M170A_3_191.json




--------------Exception--------------
('list index out of range',)
list index out of range
json_data {'info': {'supercategory': 'Human', 'action_category_id': '37', 'actor_id': 'M170A', 'img_width': 1920, 'img_height': 1080, 'camera_no': 3, '2d_pos': ['Pelvis', 'L_Hip', 'R_Hip', 'Spine1', 'L_Knee', 'R_Knee', 'Spine2', 'L_Ankle', 'R_Ankle', 'Spine3', 'L_Foot', 'R_Foot', 'Neck', 'L_Collar', 'R_Collar', 'Head', 'L_Shoulder', 'R_Shoulder', 'L_Elbow', 'R_Elbow', 'L_Wrist', 'R_Wrist', 'L_Hand', 'R_Hand']}, 'annotations': {'img_no': 5828429, 'frame_no': 192, 'img_path': '/37_M170A_3/37_M170A_3_192.jpg', '2d_pos': [[949, 670], [931, 672], [963, 670], [950, 684], [935, 591], [964, 590], [952, 693], [935, 486], [959, 483], [954, 703], [920, 490], [973, 483], [963, 760], [935, 733], [981, 733], [962, 757], [897, 748], [1016, 743], [866, 730], [1029, 728], [869, 709], [1020, 703], [867, 703], [1017, 700]], 'new_2d_pos': [[949, 670], [931, 672], [963, 670], [950, 684], [935, 591], [964, 590], [952, 693], [935, 486], [959, 483], [954, 703], [920, 490], [973, 483], [963, 760], [935, 733], [981, 733], [962, 757], [897, 748], [1016, 743], [866, 730], [1029, 728], [869, 709], [1020, 703], [867, 703], [1017, 700]]}}
file: 37_M170A_3_192.jpg, j_path: /data/3d_pose_2023/2D_json/37_M170A/37_M170A_3_192.json




--------------Exception--------------
('list index out of range',)
list index out of range
json_data {'info': {'supercategory': 'Human', 'action_category_id': '37', 'actor_id': 'M170A', 'img_width': 1920, 'img_height': 1080, 'camera_no': 3, '2d_pos': ['Pelvis', 'L_Hip', 'R_Hip', 'Spine1', 'L_Knee', 'R_Knee', 'Spine2', 'L_Ankle', 'R_Ankle', 'Spine3', 'L_Foot', 'R_Foot', 'Neck', 'L_Collar', 'R_Collar', 'Head', 'L_Shoulder', 'R_Shoulder', 'L_Elbow', 'R_Elbow', 'L_Wrist', 'R_Wrist', 'L_Hand', 'R_Hand']}, 'annotations': {'img_no': 5828430, 'frame_no': 193, 'img_path': '/37_M170A_3/37_M170A_3_193.jpg', '2d_pos': [[948, 670], [931, 672], [963, 670], [950, 684], [935, 592], [964, 591], [951, 693], [936, 488], [959, 485], [953, 703], [921, 493], [975, 485], [963, 761], [934, 733], [980, 733], [962, 758], [896, 748], [1015, 744], [865, 731], [1028, 728], [868, 709], [1019, 703], [867, 703], [1016, 700]], 'new_2d_pos': [[948, 670], [931, 672], [963, 670], [950, 684], [935, 592], [964, 591], [951, 693], [936, 488], [959, 485], [953, 703], [921, 493], [975, 485], [963, 761], [934, 733], [980, 733], [962, 758], [896, 748], [1015, 744], [865, 731], [1028, 728], [868, 709], [1019, 703], [867, 703], [1016, 700]]}}
file: 37_M170A_3_193.jpg, j_path: /data/3d_pose_2023/2D_json/37_M170A/37_M170A_3_193.json


168501/200000 - 84.25%
168601/200000 - 84.3%
168701/200000 - 84.35%
168801/200000 - 84.4%
168901/200000 - 84.45%
169001/200000 - 84.501%
169101/200000 - 84.55%
169201/200000 - 84.6%
169301/200000 - 84.65%
169401/200000 - 84.701%
169501/200000 - 84.75%
169601/200000 - 84.8%
169701/200000 - 84.85%
169801/200000 - 84.9%
169901/200000 - 84.95%


--------------Exception--------------
('list index out of range',)
list index out of range
json_data {'info': {'supercategory': 'Human', 'action_category_id': '37', 'actor_id': 'M170A', 'img_width': 1920, 'img_height': 1080, 'camera_no': 7, '2d_pos': ['Pelvis', 'L_Hip', 'R_Hip', 'Spine1', 'L_Knee', 'R_Knee', 'Spine2', 'L_Ankle', 'R_Ankle', 'Spine3', 'L_Foot', 'R_Foot', 'Neck', 'L_Collar', 'R_Collar', 'Head', 'L_Shoulder', 'R_Shoulder', 'L_Elbow', 'R_Elbow', 'L_Wrist', 'R_Wrist', 'L_Hand', 'R_Hand']}, 'annotations': {'img_no': 5830010, 'frame_no': 213, 'img_path': '/37_M170A_7/37_M170A_7_213.jpg', '2d_pos': [[985, 683], [1002, 699], [970, 700], [985, 675], [992, 606], [972, 605], [985, 659], [986, 507], [984, 511], [984, 658], [996, 479], [981, 479], [977, 675], [999, 667], [963, 669], [979, 657], [1029, 672], [935, 673], [1059, 696], [916, 698], [1060, 722], [913, 719], [1064, 736], [914, 738]], 'new_2d_pos': [[985, 683], [1002, 699], [970, 700], [985, 675], [992, 606], [972, 605], [985, 659], [986, 507], [984, 511], [984, 658], [996, 479], [981, 479], [977, 675], [999, 667], [963, 669], [979, 657], [1029, 672], [935, 673], [1059, 696], [916, 698], [1060, 722], [913, 719], [1064, 736], [914, 738]]}}
file: 37_M170A_7_213.jpg, j_path: /data/3d_pose_2023/2D_json/37_M170A/37_M170A_7_213.json


170001/200000 - 85.001%


--------------Exception--------------
('list index out of range',)
list index out of range
json_data {'info': {'supercategory': 'Human', 'action_category_id': '37', 'actor_id': 'M170A', 'img_width': 1920, 'img_height': 1080, 'camera_no': 7, '2d_pos': ['Pelvis', 'L_Hip', 'R_Hip', 'Spine1', 'L_Knee', 'R_Knee', 'Spine2', 'L_Ankle', 'R_Ankle', 'Spine3', 'L_Foot', 'R_Foot', 'Neck', 'L_Collar', 'R_Collar', 'Head', 'L_Shoulder', 'R_Shoulder', 'L_Elbow', 'R_Elbow', 'L_Wrist', 'R_Wrist', 'L_Hand', 'R_Hand']}, 'annotations': {'img_no': 5830083, 'frame_no': 286, 'img_path': '/37_M170A_7/37_M170A_7_286.jpg', '2d_pos': [[983, 681], [999, 696], [967, 696], [983, 673], [990, 606], [972, 607], [984, 658], [986, 506], [981, 510], [982, 657], [996, 478], [981, 479], [976, 676], [998, 668], [961, 669], [978, 658], [1028, 674], [934, 673], [1058, 697], [916, 699], [1057, 721], [912, 719], [1066, 737], [909, 738]], 'new_2d_pos': [[983, 681], [999, 696], [967, 696], [983, 673], [990, 606], [972, 607], [984, 658], [986, 506], [981, 510], [982, 657], [996, 478], [981, 479], [976, 676], [998, 668], [961, 669], [978, 658], [1028, 674], [934, 673], [1058, 697], [916, 699], [1057, 721], [912, 719], [1066, 737], [909, 738]]}}
file: 37_M170A_7_286.jpg, j_path: /data/3d_pose_2023/2D_json/37_M170A/37_M170A_7_286.json




--------------Exception--------------
('list index out of range',)
list index out of range
json_data {'info': {'supercategory': 'Human', 'action_category_id': '37', 'actor_id': 'M170A', 'img_width': 1920, 'img_height': 1080, 'camera_no': 7, '2d_pos': ['Pelvis', 'L_Hip', 'R_Hip', 'Spine1', 'L_Knee', 'R_Knee', 'Spine2', 'L_Ankle', 'R_Ankle', 'Spine3', 'L_Foot', 'R_Foot', 'Neck', 'L_Collar', 'R_Collar', 'Head', 'L_Shoulder', 'R_Shoulder', 'L_Elbow', 'R_Elbow', 'L_Wrist', 'R_Wrist', 'L_Hand', 'R_Hand']}, 'annotations': {'img_no': 5830085, 'frame_no': 288, 'img_path': '/37_M170A_7/37_M170A_7_288.jpg', '2d_pos': [[981, 680], [997, 696], [965, 696], [982, 673], [989, 602], [970, 602], [983, 657], [983, 499], [980, 500], [982, 657], [992, 473], [980, 474], [975, 675], [997, 667], [961, 668], [977, 657], [1027, 673], [933, 672], [1057, 696], [915, 698], [1057, 721], [911, 718], [1066, 736], [909, 737]], 'new_2d_pos': [[981, 680], [997, 696], [965, 696], [982, 673], [989, 602], [970, 602], [983, 657], [983, 499], [980, 500], [982, 657], [992, 473], [980, 474], [975, 675], [997, 667], [961, 668], [977, 657], [1027, 673], [933, 672], [1057, 696], [915, 698], [1057, 721], [911, 718], [1066, 736], [909, 737]]}}
file: 37_M170A_7_288.jpg, j_path: /data/3d_pose_2023/2D_json/37_M170A/37_M170A_7_288.json




--------------Exception--------------
('list index out of range',)
list index out of range
json_data {'info': {'supercategory': 'Human', 'action_category_id': '37', 'actor_id': 'M170A', 'img_width': 1920, 'img_height': 1080, 'camera_no': 7, '2d_pos': ['Pelvis', 'L_Hip', 'R_Hip', 'Spine1', 'L_Knee', 'R_Knee', 'Spine2', 'L_Ankle', 'R_Ankle', 'Spine3', 'L_Foot', 'R_Foot', 'Neck', 'L_Collar', 'R_Collar', 'Head', 'L_Shoulder', 'R_Shoulder', 'L_Elbow', 'R_Elbow', 'L_Wrist', 'R_Wrist', 'L_Hand', 'R_Hand']}, 'annotations': {'img_no': 5830086, 'frame_no': 289, 'img_path': '/37_M170A_7/37_M170A_7_289.jpg', '2d_pos': [[983, 680], [999, 696], [967, 696], [984, 673], [991, 600], [973, 600], [984, 657], [985, 496], [981, 497], [983, 657], [997, 472], [981, 473], [977, 675], [999, 666], [962, 668], [979, 657], [1029, 673], [935, 671], [1059, 696], [916, 697], [1059, 720], [913, 718], [1068, 736], [911, 737]], 'new_2d_pos': [[983, 680], [999, 696], [967, 696], [984, 673], [991, 600], [973, 600], [984, 657], [985, 496], [981, 497], [983, 657], [997, 472], [981, 473], [977, 675], [999, 666], [962, 668], [979, 657], [1029, 673], [935, 671], [1059, 696], [916, 697], [1059, 720], [913, 718], [1068, 736], [911, 737]]}}
file: 37_M170A_7_289.jpg, j_path: /data/3d_pose_2023/2D_json/37_M170A/37_M170A_7_289.json




--------------Exception--------------
('list index out of range',)
list index out of range
json_data {'info': {'supercategory': 'Human', 'action_category_id': '37', 'actor_id': 'M170A', 'img_width': 1920, 'img_height': 1080, 'camera_no': 7, '2d_pos': ['Pelvis', 'L_Hip', 'R_Hip', 'Spine1', 'L_Knee', 'R_Knee', 'Spine2', 'L_Ankle', 'R_Ankle', 'Spine3', 'L_Foot', 'R_Foot', 'Neck', 'L_Collar', 'R_Collar', 'Head', 'L_Shoulder', 'R_Shoulder', 'L_Elbow', 'R_Elbow', 'L_Wrist', 'R_Wrist', 'L_Hand', 'R_Hand']}, 'annotations': {'img_no': 5830113, 'frame_no': 316, 'img_path': '/37_M170A_7/37_M170A_7_316.jpg', '2d_pos': [[980, 682], [996, 698], [964, 698], [981, 674], [987, 603], [969, 604], [981, 658], [982, 502], [980, 503], [980, 657], [995, 476], [990, 477], [973, 673], [996, 666], [959, 667], [976, 656], [1025, 671], [931, 671], [1056, 695], [911, 698], [1055, 721], [908, 718], [1060, 735], [912, 736]], 'new_2d_pos': [[980, 682], [996, 698], [964, 698], [981, 674], [987, 603], [969, 604], [981, 658], [982, 502], [980, 503], [980, 657], [995, 476], [990, 477], [973, 673], [996, 666], [959, 667], [976, 656], [1025, 671], [931, 671], [1056, 695], [911, 698], [1055, 721], [908, 718], [1060, 735], [912, 736]]}}
file: 37_M170A_7_316.jpg, j_path: /data/3d_pose_2023/2D_json/37_M170A/37_M170A_7_316.json


170101/200000 - 85.05%
170201/200000 - 85.1%
170301/200000 - 85.15%
170401/200000 - 85.201%
170501/200000 - 85.251%
170601/200000 - 85.3%
170701/200000 - 85.35%
170801/200000 - 85.401%
170901/200000 - 85.45%
171001/200000 - 85.501%
171101/200000 - 85.55%
171201/200000 - 85.6%
171301/200000 - 85.65%
171401/200000 - 85.701%
171501/200000 - 85.751%
171601/200000 - 85.8%
171701/200000 - 85.85%
171801/200000 - 85.901%
171901/200000 - 85.95%
172001/200000 - 86.001%
172101/200000 - 86.05%
172201/200000 - 86.1%
172301/200000 - 86.15%
172401/200000 - 86.201%
172501/200000 - 86.251%
172601/200000 - 86.3%
172701/200000 - 86.35%
172801/200000 - 86.401%
172901/200000 - 86.45%
173001/200000 - 86.501%
173101/200000 - 86.55%
173201/200000 - 86.6%
173301/200000 - 86.65%
173401/200000 - 86.701%
173501/200000 - 86.751%
173601/200000 - 86.8%
173701/200000 - 86.85%
173801/200000 - 86.901%
173901/200000 - 86.95%
174001/200000 - 87.001%
174101/200000 - 87.05%
174201/200000 - 87.1%
174301/200000 - 87.15%
174401/200000 - 87.201%
174501/200000 - 87.251%
174601/200000 - 87.3%
174701/200000 - 87.35%
174801/200000 - 87.401%
174901/200000 - 87.45%
175001/200000 - 87.501%
175101/200000 - 87.55%
175201/200000 - 87.6%
175301/200000 - 87.65%
175401/200000 - 87.701%
175501/200000 - 87.751%
175601/200000 - 87.8%
175701/200000 - 87.85%
175801/200000 - 87.901%
175901/200000 - 87.951%
176001/200000 - 88.001%
176101/200000 - 88.05%
176201/200000 - 88.101%
176301/200000 - 88.15%
176401/200000 - 88.201%
176501/200000 - 88.251%
176601/200000 - 88.3%
176701/200000 - 88.35%
176801/200000 - 88.401%
176901/200000 - 88.451%
177001/200000 - 88.501%
177101/200000 - 88.55%
177201/200000 - 88.601%
177301/200000 - 88.65%
177401/200000 - 88.701%
177501/200000 - 88.751%
177601/200000 - 88.8%
177701/200000 - 88.85%
177801/200000 - 88.901%
177901/200000 - 88.951%
178001/200000 - 89.001%
178101/200000 - 89.05%
178201/200000 - 89.101%
178301/200000 - 89.15%
178401/200000 - 89.201%
178501/200000 - 89.251%
178601/200000 - 89.3%
178701/200000 - 89.35%
178801/200000 - 89.401%
178901/200000 - 89.451%
179001/200000 - 89.501%
179101/200000 - 89.55%
179201/200000 - 89.601%
179301/200000 - 89.65%
179401/200000 - 89.701%
179501/200000 - 89.751%
179601/200000 - 89.8%
179701/200000 - 89.85%
179801/200000 - 89.901%
179901/200000 - 89.951%
180001/200000 - 90.001%
180101/200000 - 90.05%
180201/200000 - 90.1%
180301/200000 - 90.15%
180401/200000 - 90.2%
180501/200000 - 90.251%
180601/200000 - 90.3%
180701/200000 - 90.35%
180801/200000 - 90.4%
180901/200000 - 90.451%
181001/200000 - 90.5%
181101/200000 - 90.55%
181201/200000 - 90.6%
181301/200000 - 90.65%
181401/200000 - 90.7%
181501/200000 - 90.751%
181601/200000 - 90.8%
181701/200000 - 90.85%
181801/200000 - 90.9%
181901/200000 - 90.951%
182001/200000 - 91.0%
182101/200000 - 91.05%
182201/200000 - 91.1%
182301/200000 - 91.15%
182401/200000 - 91.2%
182501/200000 - 91.251%
182601/200000 - 91.3%
182701/200000 - 91.35%
182801/200000 - 91.4%
182901/200000 - 91.451%
183001/200000 - 91.501%
183101/200000 - 91.55%
183201/200000 - 91.6%
183301/200000 - 91.651%
183401/200000 - 91.7%
183501/200000 - 91.751%
183601/200000 - 91.8%
183701/200000 - 91.85%
183801/200000 - 91.9%
183901/200000 - 91.951%
184001/200000 - 92.001%
184101/200000 - 92.05%
184201/200000 - 92.1%
184301/200000 - 92.151%
184401/200000 - 92.2%
184501/200000 - 92.251%
184601/200000 - 92.3%
184701/200000 - 92.35%
184801/200000 - 92.4%
184901/200000 - 92.451%
185001/200000 - 92.501%
185101/200000 - 92.55%
185201/200000 - 92.6%
185301/200000 - 92.651%
185401/200000 - 92.7%
185501/200000 - 92.751%
185601/200000 - 92.8%
185701/200000 - 92.85%
185801/200000 - 92.9%
185901/200000 - 92.951%
186001/200000 - 93.001%
186101/200000 - 93.05%
186201/200000 - 93.1%
186301/200000 - 93.151%
186401/200000 - 93.2%
186501/200000 - 93.251%
186601/200000 - 93.3%
186701/200000 - 93.35%
186801/200000 - 93.4%
186901/200000 - 93.451%
187001/200000 - 93.501%
187101/200000 - 93.55%
187201/200000 - 93.6%
187301/200000 - 93.651%
187401/200000 - 93.7%
187501/200000 - 93.751%
187601/200000 - 93.8%
187701/200000 - 93.85%
187801/200000 - 93.9%
187901/200000 - 93.951%
188001/200000 - 94.001%
188101/200000 - 94.05%
188201/200000 - 94.1%
188301/200000 - 94.151%
188401/200000 - 94.201%
188501/200000 - 94.251%
188601/200000 - 94.3%
188701/200000 - 94.351%
188801/200000 - 94.4%
188901/200000 - 94.451%
189001/200000 - 94.501%
189101/200000 - 94.55%
189201/200000 - 94.6%
189301/200000 - 94.651%
189401/200000 - 94.701%
189501/200000 - 94.751%
189601/200000 - 94.8%
189701/200000 - 94.851%
189801/200000 - 94.9%
189901/200000 - 94.951%
190001/200000 - 95.001%
190101/200000 - 95.05%
190201/200000 - 95.1%
190301/200000 - 95.151%
190401/200000 - 95.201%
190501/200000 - 95.251%
190601/200000 - 95.3%
190701/200000 - 95.351%
190801/200000 - 95.4%
190901/200000 - 95.451%
191001/200000 - 95.501%
191101/200000 - 95.55%
191201/200000 - 95.6%
191301/200000 - 95.651%
191401/200000 - 95.701%
191501/200000 - 95.751%
191601/200000 - 95.8%
191701/200000 - 95.851%
191801/200000 - 95.9%
191901/200000 - 95.951%
192001/200000 - 96.001%
192101/200000 - 96.05%
192201/200000 - 96.1%
192301/200000 - 96.151%
192401/200000 - 96.201%
192501/200000 - 96.251%
192601/200000 - 96.3%
192701/200000 - 96.35%
192801/200000 - 96.4%
192901/200000 - 96.45%
193001/200000 - 96.501%
193101/200000 - 96.55%
193201/200000 - 96.6%
193301/200000 - 96.65%
193401/200000 - 96.701%
193501/200000 - 96.75%
193601/200000 - 96.8%
193701/200000 - 96.85%
193801/200000 - 96.9%
193901/200000 - 96.95%
194001/200000 - 97.001%
194101/200000 - 97.05%
194201/200000 - 97.1%
194301/200000 - 97.15%
194401/200000 - 97.201%
194501/200000 - 97.25%
194601/200000 - 97.3%
194701/200000 - 97.35%
194801/200000 - 97.4%
194901/200000 - 97.45%
195001/200000 - 97.501%
195101/200000 - 97.55%
195201/200000 - 97.6%
195301/200000 - 97.65%
195401/200000 - 97.701%
195501/200000 - 97.751%
195601/200000 - 97.8%
195701/200000 - 97.85%
195801/200000 - 97.901%
195901/200000 - 97.95%
196001/200000 - 98.001%
196101/200000 - 98.05%
196201/200000 - 98.1%
196301/200000 - 98.15%
196401/200000 - 98.201%
196501/200000 - 98.251%
196601/200000 - 98.3%
196701/200000 - 98.35%
196801/200000 - 98.401%
196901/200000 - 98.45%
197001/200000 - 98.501%
197101/200000 - 98.55%
197201/200000 - 98.6%
197301/200000 - 98.65%
197401/200000 - 98.701%
197501/200000 - 98.751%
197601/200000 - 98.8%
197701/200000 - 98.85%
197801/200000 - 98.901%
197901/200000 - 98.95%
198001/200000 - 99.001%
198101/200000 - 99.05%
198201/200000 - 99.1%
198301/200000 - 99.15%
198401/200000 - 99.201%
198501/200000 - 99.251%
198601/200000 - 99.3%
198701/200000 - 99.35%
198801/200000 - 99.401%
198901/200000 - 99.45%
199001/200000 - 99.501%
199101/200000 - 99.55%
199201/200000 - 99.6%
199301/200000 - 99.65%
199401/200000 - 99.701%
199501/200000 - 99.751%
199601/200000 - 99.8%
199701/200000 - 99.85%
199801/200000 - 99.901%
199901/200000 - 99.95%
